[     422ms] [ERROR] Failed to load resource: the server responded with a status of 401 (Unauthorized) @ http://localhost:5174/trpc/project.list:0
[     422ms] [ERROR] Failed to load resource: the server responded with a status of 401 (Unauthorized) @ http://localhost:5174/trpc/settings.get:0
[     423ms] [ERROR] Failed to load resource: the server responded with a status of 401 (Unauthorized) @ http://localhost:5174/trpc/notification.list?input=%7B%22limit%22%3A50%7D:0
[   21341ms] [ERROR] Failed to load resource: the server responded with a status of 412 (Precondition Failed) @ http://localhost:5174/trpc/github.getConnection:0
[   21402ms] [ERROR] Failed to load resource: the server responded with a status of 412 (Precondition Failed) @ http://localhost:5174/trpc/github.getConnection:0
[   24576ms] [ERROR] Failed to load resource: the server responded with a status of 412 (Precondition Failed) @ http://localhost:5174/trpc/github.getConnection:0
[   31770ms] [ERROR] WebSocket connection to 'ws://127.0.0.1:3003/ws?access_token=eyJhbGciOiJFUzI1NiIsImtpZCI6Ijg4YjFhOWEzLTg3OTctNGMzZS1iNTY3LTIyMDA5OWJlMjUxMiIsInR5cCI6IkpXVCJ9.eyJpc3MiOiJodHRwczovL2RuZXVtb2pkZXR4cGJ5ZXV3eXd5LnN1cGFiYXNlLmNvL2F1dGgvdjEiLCJzdWIiOiI0NjhhMzVlYi02ZjJjLTRjZDgtYTY3MS02OWU4YzI0NGMzMGQiLCJhdWQiOiJhdXRoZW50aWNhdGVkIiwiZXhwIjoxNzczMTM5NzgyLCJpYXQiOjE3NzMxMzYxODIsImVtYWlsIjoiYWRtaW5AcmFscGgubG9jYWwiLCJwaG9uZSI6IiIsImFwcF9tZXRhZGF0YSI6eyJwcm92aWRlciI6ImVtYWlsIiwicHJvdmlkZXJzIjpbImVtYWlsIl19LCJ1c2VyX21ldGFkYXRhIjp7ImVtYWlsX3ZlcmlmaWVkIjp0cnVlfSwicm9sZSI6ImF1dGhlbnRpY2F0ZWQiLCJhYWwiOiJhYWwxIiwiYW1yIjpbeyJtZXRob2QiOiJwYXNzd29yZCIsInRpbWVzdGFtcCI6MTc3MzEzNjE4Mn1dLCJzZXNzaW9uX2lkIjoiNGI1ZmE0OTktNDQ3Yi00ODEwLWFkYmEtZGQ1ZjkwZjQxNTczIiwiaXNfYW5vbnltb3VzIjpmYWxzZX0.qHW1BF7l5O72Q_4-eWfWHOQ0wCDTxEXyOWB585wxK-EAw_hyarSahOdJoilN0siy29rmU6bFAuhsLoKutoos1w' failed:  @ http://localhost:5174/src/hooks/useWebSocket.ts:102
[   31770ms] [ERROR] WebSocket connection to 'ws://localhost:5174/?token=OLHnbFmm26FX' failed:  @ http://localhost:5174/@vite/client:744
[   35557ms] [ERROR] WebSocket connection to 'ws://localhost:5174/?token=OLHnbFmm26FX' failed: Error in connection establishment: net::ERR_CONNECTION_REFUSED @ http://localhost:5174/@vite/client:744
[   35565ms] [ERROR] WebSocket connection to 'ws://localhost:5174/?token=OLHnbFmm26FX' failed: Error in connection establishment: net::ERR_CONNECTION_REFUSED @ http://localhost:5174/@vite/client:754
[   35565ms] [ERROR] [vite] failed to connect to websocket.
your current setup:
  (browser) localhost:5174/ <--[HTTP]--> localhost:5174/ (server)
  (browser) localhost:5174/ <--[WebSocket (failing)]--> localhost:5174/ (server)
Check out your Vite / network configuration and https://vite.dev/config/server-options.html#server-hmr . @ http://localhost:5174/@vite/client:764
[   35666ms] [ERROR] Failed to load resource: net::ERR_CONNECTION_REFUSED @ http://localhost:5174/trpc/capabilities:0
[   35667ms] [ERROR] Failed to load resource: net::ERR_CONNECTION_REFUSED @ http://localhost:5174/trpc/capabilities:0
[   35667ms] [ERROR] Failed to load resource: net::ERR_CONNECTION_REFUSED @ http://localhost:5174/trpc/capabilities:0
[   39606ms] [ERROR] Failed to load resource: the server responded with a status of 401 (Unauthorized) @ http://localhost:5174/trpc/project.list:0
[   39616ms] [ERROR] Failed to load resource: the server responded with a status of 401 (Unauthorized) @ http://localhost:5174/trpc/settings.get:0
[   39617ms] [ERROR] Failed to load resource: the server responded with a status of 401 (Unauthorized) @ http://localhost:5174/trpc/notification.list?input=%7B%22limit%22%3A50%7D:0
[   47722ms] [ERROR] Failed to load resource: the server responded with a status of 401 (Unauthorized) @ http://localhost:5174/trpc/project.list:0
[   47723ms] [ERROR] Failed to load resource: the server responded with a status of 401 (Unauthorized) @ http://localhost:5174/trpc/settings.get:0
[   47723ms] [ERROR] Failed to load resource: the server responded with a status of 401 (Unauthorized) @ http://localhost:5174/trpc/notification.list?input=%7B%22limit%22%3A50%7D:0
[   50240ms] [ERROR] Failed to load resource: the server responded with a status of 412 (Precondition Failed) @ http://localhost:5174/trpc/github.getConnection:0
[   50301ms] [ERROR] Failed to load resource: the server responded with a status of 412 (Precondition Failed) @ http://localhost:5174/trpc/github.getConnection:0
[   53197ms] [ERROR] Failed to load resource: the server responded with a status of 412 (Precondition Failed) @ http://localhost:5174/trpc/github.getConnection:0
[   57776ms] [ERROR] Failed to load resource: the server responded with a status of 401 (Unauthorized) @ http://localhost:5174/trpc/project.list:0
[   57776ms] [ERROR] Failed to load resource: the server responded with a status of 401 (Unauthorized) @ http://localhost:5174/trpc/settings.get:0
[   57776ms] [ERROR] Failed to load resource: the server responded with a status of 401 (Unauthorized) @ http://localhost:5174/trpc/notification.list?input=%7B%22limit%22%3A50%7D:0
[   62995ms] [ERROR] Failed to load resource: the server responded with a status of 401 (Unauthorized) @ http://localhost:5174/trpc/project.list:0
[   62995ms] [ERROR] Failed to load resource: the server responded with a status of 401 (Unauthorized) @ http://localhost:5174/trpc/settings.get:0
[   62996ms] [ERROR] Failed to load resource: the server responded with a status of 401 (Unauthorized) @ http://localhost:5174/trpc/notification.list?input=%7B%22limit%22%3A50%7D:0
[   76626ms] [ERROR] Failed to load resource: the server responded with a status of 412 (Precondition Failed) @ http://localhost:5174/trpc/github.getConnection:0
[   77348ms] [ERROR] Failed to load resource: the server responded with a status of 401 (Unauthorized) @ http://localhost:5174/trpc/project.list:0
[   77348ms] [ERROR] Failed to load resource: the server responded with a status of 401 (Unauthorized) @ http://localhost:5174/trpc/settings.get:0
[   77348ms] [ERROR] Failed to load resource: the server responded with a status of 401 (Unauthorized) @ http://localhost:5174/trpc/notification.list?input=%7B%22limit%22%3A50%7D:0
[   77349ms] [ERROR] Failed to load resource: the server responded with a status of 401 (Unauthorized) @ http://localhost:5174/trpc/settings.get:0
[   77585ms] [ERROR] Failed to load resource: the server responded with a status of 412 (Precondition Failed) @ http://localhost:5174/trpc/github.getConnection:0
[   79513ms] [ERROR] Failed to load resource: the server responded with a status of 401 (Unauthorized) @ http://localhost:5174/trpc/project.list:0
[   79513ms] [ERROR] Failed to load resource: the server responded with a status of 401 (Unauthorized) @ http://localhost:5174/trpc/settings.get:0
[   79514ms] [ERROR] Failed to load resource: the server responded with a status of 401 (Unauthorized) @ http://localhost:5174/trpc/notification.list?input=%7B%22limit%22%3A50%7D:0
[   92062ms] [ERROR] Failed to load resource: the server responded with a status of 401 (Unauthorized) @ http://localhost:5174/trpc/project.list:0
[   92062ms] [ERROR] Failed to load resource: the server responded with a status of 401 (Unauthorized) @ http://localhost:5174/trpc/settings.get:0
[   92062ms] [ERROR] Failed to load resource: the server responded with a status of 401 (Unauthorized) @ http://localhost:5174/trpc/notification.list?input=%7B%22limit%22%3A50%7D:0
[   97830ms] [ERROR] Failed to load resource: the server responded with a status of 401 (Unauthorized) @ http://localhost:5174/trpc/project.list:0
[   97830ms] [ERROR] Failed to load resource: the server responded with a status of 401 (Unauthorized) @ http://localhost:5174/trpc/settings.get:0
[   97830ms] [ERROR] Failed to load resource: the server responded with a status of 401 (Unauthorized) @ http://localhost:5174/trpc/notification.list?input=%7B%22limit%22%3A50%7D:0
[   97831ms] [ERROR] Failed to load resource: the server responded with a status of 401 (Unauthorized) @ http://localhost:5174/trpc/settings.get:0
[   98071ms] [ERROR] Failed to load resource: the server responded with a status of 412 (Precondition Failed) @ http://localhost:5174/trpc/github.getConnection:0
[  106953ms] [ERROR] Failed to load resource: the server responded with a status of 401 (Unauthorized) @ http://localhost:5174/trpc/project.list:0
[  106954ms] [ERROR] Failed to load resource: the server responded with a status of 401 (Unauthorized) @ http://localhost:5174/trpc/settings.get:0
[  106954ms] [ERROR] Failed to load resource: the server responded with a status of 401 (Unauthorized) @ http://localhost:5174/trpc/notification.list?input=%7B%22limit%22%3A50%7D:0
[  153567ms] [ERROR] Failed to load resource: the server responded with a status of 401 (Unauthorized) @ http://localhost:5174/trpc/project.list:0
[  153568ms] [ERROR] Failed to load resource: the server responded with a status of 401 (Unauthorized) @ http://localhost:5174/trpc/settings.get:0
[  153568ms] [ERROR] Failed to load resource: the server responded with a status of 401 (Unauthorized) @ http://localhost:5174/trpc/notification.list?input=%7B%22limit%22%3A50%7D:0
[  157136ms] [ERROR] WebSocket connection to 'ws://localhost:5174/?token=_hq4dXfJFa6l' failed:  @ http://localhost:5174/@vite/client:744
[  157136ms] [ERROR] WebSocket connection to 'ws://127.0.0.1:3003/ws?access_token=eyJhbGciOiJFUzI1NiIsImtpZCI6Ijg4YjFhOWEzLTg3OTctNGMzZS1iNTY3LTIyMDA5OWJlMjUxMiIsInR5cCI6IkpXVCJ9.eyJpc3MiOiJodHRwczovL2RuZXVtb2pkZXR4cGJ5ZXV3eXd5LnN1cGFiYXNlLmNvL2F1dGgvdjEiLCJzdWIiOiI0NjhhMzVlYi02ZjJjLTRjZDgtYTY3MS02OWU4YzI0NGMzMGQiLCJhdWQiOiJhdXRoZW50aWNhdGVkIiwiZXhwIjoxNzczMTM5NzgyLCJpYXQiOjE3NzMxMzYxODIsImVtYWlsIjoiYWRtaW5AcmFscGgubG9jYWwiLCJwaG9uZSI6IiIsImFwcF9tZXRhZGF0YSI6eyJwcm92aWRlciI6ImVtYWlsIiwicHJvdmlkZXJzIjpbImVtYWlsIl19LCJ1c2VyX21ldGFkYXRhIjp7ImVtYWlsX3ZlcmlmaWVkIjp0cnVlfSwicm9sZSI6ImF1dGhlbnRpY2F0ZWQiLCJhYWwiOiJhYWwxIiwiYW1yIjpbeyJtZXRob2QiOiJwYXNzd29yZCIsInRpbWVzdGFtcCI6MTc3MzEzNjE4Mn1dLCJzZXNzaW9uX2lkIjoiNGI1ZmE0OTktNDQ3Yi00ODEwLWFkYmEtZGQ1ZjkwZjQxNTczIiwiaXNfYW5vbnltb3VzIjpmYWxzZX0.qHW1BF7l5O72Q_4-eWfWHOQ0wCDTxEXyOWB585wxK-EAw_hyarSahOdJoilN0siy29rmU6bFAuhsLoKutoos1w' failed:  @ http://localhost:5174/src/hooks/useWebSocket.ts:102
[  158147ms] [ERROR] WebSocket connection to 'ws://127.0.0.1:3003/ws?access_token=eyJhbGciOiJFUzI1NiIsImtpZCI6Ijg4YjFhOWEzLTg3OTctNGMzZS1iNTY3LTIyMDA5OWJlMjUxMiIsInR5cCI6IkpXVCJ9.eyJpc3MiOiJodHRwczovL2RuZXVtb2pkZXR4cGJ5ZXV3eXd5LnN1cGFiYXNlLmNvL2F1dGgvdjEiLCJzdWIiOiI0NjhhMzVlYi02ZjJjLTRjZDgtYTY3MS02OWU4YzI0NGMzMGQiLCJhdWQiOiJhdXRoZW50aWNhdGVkIiwiZXhwIjoxNzczMTM5NzgyLCJpYXQiOjE3NzMxMzYxODIsImVtYWlsIjoiYWRtaW5AcmFscGgubG9jYWwiLCJwaG9uZSI6IiIsImFwcF9tZXRhZGF0YSI6eyJwcm92aWRlciI6ImVtYWlsIiwicHJvdmlkZXJzIjpbImVtYWlsIl19LCJ1c2VyX21ldGFkYXRhIjp7ImVtYWlsX3ZlcmlmaWVkIjp0cnVlfSwicm9sZSI6ImF1dGhlbnRpY2F0ZWQiLCJhYWwiOiJhYWwxIiwiYW1yIjpbeyJtZXRob2QiOiJwYXNzd29yZCIsInRpbWVzdGFtcCI6MTc3MzEzNjE4Mn1dLCJzZXNzaW9uX2lkIjoiNGI1ZmE0OTktNDQ3Yi00ODEwLWFkYmEtZGQ1ZjkwZjQxNTczIiwiaXNfYW5vbnltb3VzIjpmYWxzZX0.qHW1BF7l5O72Q_4-eWfWHOQ0wCDTxEXyOWB585wxK-EAw_hyarSahOdJoilN0siy29rmU6bFAuhsLoKutoos1w' failed: Error in connection establishment: net::ERR_CONNECTION_REFUSED @ http://localhost:5174/src/hooks/useWebSocket.ts:102
[  160150ms] [ERROR] WebSocket connection to 'ws://127.0.0.1:3003/ws?access_token=eyJhbGciOiJFUzI1NiIsImtpZCI6Ijg4YjFhOWEzLTg3OTctNGMzZS1iNTY3LTIyMDA5OWJlMjUxMiIsInR5cCI6IkpXVCJ9.eyJpc3MiOiJodHRwczovL2RuZXVtb2pkZXR4cGJ5ZXV3eXd5LnN1cGFiYXNlLmNvL2F1dGgvdjEiLCJzdWIiOiI0NjhhMzVlYi02ZjJjLTRjZDgtYTY3MS02OWU4YzI0NGMzMGQiLCJhdWQiOiJhdXRoZW50aWNhdGVkIiwiZXhwIjoxNzczMTM5NzgyLCJpYXQiOjE3NzMxMzYxODIsImVtYWlsIjoiYWRtaW5AcmFscGgubG9jYWwiLCJwaG9uZSI6IiIsImFwcF9tZXRhZGF0YSI6eyJwcm92aWRlciI6ImVtYWlsIiwicHJvdmlkZXJzIjpbImVtYWlsIl19LCJ1c2VyX21ldGFkYXRhIjp7ImVtYWlsX3ZlcmlmaWVkIjp0cnVlfSwicm9sZSI6ImF1dGhlbnRpY2F0ZWQiLCJhYWwiOiJhYWwxIiwiYW1yIjpbeyJtZXRob2QiOiJwYXNzd29yZCIsInRpbWVzdGFtcCI6MTc3MzEzNjE4Mn1dLCJzZXNzaW9uX2lkIjoiNGI1ZmE0OTktNDQ3Yi00ODEwLWFkYmEtZGQ1ZjkwZjQxNTczIiwiaXNfYW5vbnltb3VzIjpmYWxzZX0.qHW1BF7l5O72Q_4-eWfWHOQ0wCDTxEXyOWB585wxK-EAw_hyarSahOdJoilN0siy29rmU6bFAuhsLoKutoos1w' failed: Error in connection establishment: net::ERR_CONNECTION_REFUSED @ http://localhost:5174/src/hooks/useWebSocket.ts:102
[  164208ms] [ERROR] WebSocket connection to 'ws://127.0.0.1:3003/ws?access_token=eyJhbGciOiJFUzI1NiIsImtpZCI6Ijg4YjFhOWEzLTg3OTctNGMzZS1iNTY3LTIyMDA5OWJlMjUxMiIsInR5cCI6IkpXVCJ9.eyJpc3MiOiJodHRwczovL2RuZXVtb2pkZXR4cGJ5ZXV3eXd5LnN1cGFiYXNlLmNvL2F1dGgvdjEiLCJzdWIiOiI0NjhhMzVlYi02ZjJjLTRjZDgtYTY3MS02OWU4YzI0NGMzMGQiLCJhdWQiOiJhdXRoZW50aWNhdGVkIiwiZXhwIjoxNzczMTM5NzgyLCJpYXQiOjE3NzMxMzYxODIsImVtYWlsIjoiYWRtaW5AcmFscGgubG9jYWwiLCJwaG9uZSI6IiIsImFwcF9tZXRhZGF0YSI6eyJwcm92aWRlciI6ImVtYWlsIiwicHJvdmlkZXJzIjpbImVtYWlsIl19LCJ1c2VyX21ldGFkYXRhIjp7ImVtYWlsX3ZlcmlmaWVkIjp0cnVlfSwicm9sZSI6ImF1dGhlbnRpY2F0ZWQiLCJhYWwiOiJhYWwxIiwiYW1yIjpbeyJtZXRob2QiOiJwYXNzd29yZCIsInRpbWVzdGFtcCI6MTc3MzEzNjE4Mn1dLCJzZXNzaW9uX2lkIjoiNGI1ZmE0OTktNDQ3Yi00ODEwLWFkYmEtZGQ1ZjkwZjQxNTczIiwiaXNfYW5vbnltb3VzIjpmYWxzZX0.qHW1BF7l5O72Q_4-eWfWHOQ0wCDTxEXyOWB585wxK-EAw_hyarSahOdJoilN0siy29rmU6bFAuhsLoKutoos1w' failed: Error in connection establishment: net::ERR_CONNECTION_REFUSED @ http://localhost:5174/src/hooks/useWebSocket.ts:102
[  166851ms] [ERROR] Failed to load resource: the server responded with a status of 401 (Unauthorized) @ http://localhost:5174/trpc/project.list:0
[  166858ms] [ERROR] Failed to load resource: the server responded with a status of 401 (Unauthorized) @ http://localhost:5174/trpc/settings.get:0
[  166868ms] [ERROR] Failed to load resource: the server responded with a status of 401 (Unauthorized) @ http://localhost:5174/trpc/notification.list?input=%7B%22limit%22%3A50%7D:0
