[     236ms] [ERROR] Failed to load resource: the server responded with a status of 404 (Not Found) @ http://localhost:5174/favicon.ico:0
[    4514ms] [ERROR] Failed to load resource: the server responded with a status of 404 (Not Found) @ http://localhost:5174/auth/github:0
[    4526ms] Error: GitHub connect failed: 404
    at Object.beginConnection (http://localhost:5174/src/lib/githubApi.ts:17:13)
[  136159ms] [ERROR] WebSocket connection to 'ws://127.0.0.1:3003/ws?access_token=eyJhbGciOiJFUzI1NiIsImtpZCI6Ijg4YjFhOWEzLTg3OTctNGMzZS1iNTY3LTIyMDA5OWJlMjUxMiIsInR5cCI6IkpXVCJ9.eyJpc3MiOiJodHRwczovL2RuZXVtb2pkZXR4cGJ5ZXV3eXd5LnN1cGFiYXNlLmNvL2F1dGgvdjEiLCJzdWIiOiI0NjhhMzVlYi02ZjJjLTRjZDgtYTY3MS02OWU4YzI0NGMzMGQiLCJhdWQiOiJhdXRoZW50aWNhdGVkIiwiZXhwIjoxNzczMTQxMDQ3LCJpYXQiOjE3NzMxMzc0NDcsImVtYWlsIjoiYWRtaW5AcmFscGgubG9jYWwiLCJwaG9uZSI6IiIsImFwcF9tZXRhZGF0YSI6eyJwcm92aWRlciI6ImVtYWlsIiwicHJvdmlkZXJzIjpbImVtYWlsIl19LCJ1c2VyX21ldGFkYXRhIjp7ImVtYWlsX3ZlcmlmaWVkIjp0cnVlfSwicm9sZSI6ImF1dGhlbnRpY2F0ZWQiLCJhYWwiOiJhYWwxIiwiYW1yIjpbeyJtZXRob2QiOiJwYXNzd29yZCIsInRpbWVzdGFtcCI6MTc3MzEzNzQ0N31dLCJzZXNzaW9uX2lkIjoiYTg5NDg2YmEtNWI3Zi00ZGFiLThkZjAtNDIwYTk3ZjA3OWQ3IiwiaXNfYW5vbnltb3VzIjpmYWxzZX0.IYVZQfPc8Y9FZTleUJzxvswwydQ5EOIG7646cIpMX7uffERygFVdQgXqgJoRTY_Himd84yoJNqxTFdHvG9srkQ' failed:  @ http://localhost:5174/src/hooks/useWebSocket.ts:102
[  136159ms] [ERROR] WebSocket connection to 'ws://localhost:5174/?token=T1FxjeGLAMOq' failed:  @ http://localhost:5174/@vite/client:744
[  137164ms] [ERROR] WebSocket connection to 'ws://127.0.0.1:3003/ws?access_token=eyJhbGciOiJFUzI1NiIsImtpZCI6Ijg4YjFhOWEzLTg3OTctNGMzZS1iNTY3LTIyMDA5OWJlMjUxMiIsInR5cCI6IkpXVCJ9.eyJpc3MiOiJodHRwczovL2RuZXVtb2pkZXR4cGJ5ZXV3eXd5LnN1cGFiYXNlLmNvL2F1dGgvdjEiLCJzdWIiOiI0NjhhMzVlYi02ZjJjLTRjZDgtYTY3MS02OWU4YzI0NGMzMGQiLCJhdWQiOiJhdXRoZW50aWNhdGVkIiwiZXhwIjoxNzczMTQxMDQ3LCJpYXQiOjE3NzMxMzc0NDcsImVtYWlsIjoiYWRtaW5AcmFscGgubG9jYWwiLCJwaG9uZSI6IiIsImFwcF9tZXRhZGF0YSI6eyJwcm92aWRlciI6ImVtYWlsIiwicHJvdmlkZXJzIjpbImVtYWlsIl19LCJ1c2VyX21ldGFkYXRhIjp7ImVtYWlsX3ZlcmlmaWVkIjp0cnVlfSwicm9sZSI6ImF1dGhlbnRpY2F0ZWQiLCJhYWwiOiJhYWwxIiwiYW1yIjpbeyJtZXRob2QiOiJwYXNzd29yZCIsInRpbWVzdGFtcCI6MTc3MzEzNzQ0N31dLCJzZXNzaW9uX2lkIjoiYTg5NDg2YmEtNWI3Zi00ZGFiLThkZjAtNDIwYTk3ZjA3OWQ3IiwiaXNfYW5vbnltb3VzIjpmYWxzZX0.IYVZQfPc8Y9FZTleUJzxvswwydQ5EOIG7646cIpMX7uffERygFVdQgXqgJoRTY_Himd84yoJNqxTFdHvG9srkQ' failed: Error in connection establishment: net::ERR_CONNECTION_REFUSED @ http://localhost:5174/src/hooks/useWebSocket.ts:102
[  139169ms] [ERROR] WebSocket connection to 'ws://127.0.0.1:3003/ws?access_token=eyJhbGciOiJFUzI1NiIsImtpZCI6Ijg4YjFhOWEzLTg3OTctNGMzZS1iNTY3LTIyMDA5OWJlMjUxMiIsInR5cCI6IkpXVCJ9.eyJpc3MiOiJodHRwczovL2RuZXVtb2pkZXR4cGJ5ZXV3eXd5LnN1cGFiYXNlLmNvL2F1dGgvdjEiLCJzdWIiOiI0NjhhMzVlYi02ZjJjLTRjZDgtYTY3MS02OWU4YzI0NGMzMGQiLCJhdWQiOiJhdXRoZW50aWNhdGVkIiwiZXhwIjoxNzczMTQxMDQ3LCJpYXQiOjE3NzMxMzc0NDcsImVtYWlsIjoiYWRtaW5AcmFscGgubG9jYWwiLCJwaG9uZSI6IiIsImFwcF9tZXRhZGF0YSI6eyJwcm92aWRlciI6ImVtYWlsIiwicHJvdmlkZXJzIjpbImVtYWlsIl19LCJ1c2VyX21ldGFkYXRhIjp7ImVtYWlsX3ZlcmlmaWVkIjp0cnVlfSwicm9sZSI6ImF1dGhlbnRpY2F0ZWQiLCJhYWwiOiJhYWwxIiwiYW1yIjpbeyJtZXRob2QiOiJwYXNzd29yZCIsInRpbWVzdGFtcCI6MTc3MzEzNzQ0N31dLCJzZXNzaW9uX2lkIjoiYTg5NDg2YmEtNWI3Zi00ZGFiLThkZjAtNDIwYTk3ZjA3OWQ3IiwiaXNfYW5vbnltb3VzIjpmYWxzZX0.IYVZQfPc8Y9FZTleUJzxvswwydQ5EOIG7646cIpMX7uffERygFVdQgXqgJoRTY_Himd84yoJNqxTFdHvG9srkQ' failed: Error in connection establishment: net::ERR_CONNECTION_REFUSED @ http://localhost:5174/src/hooks/useWebSocket.ts:102
[  141154ms] [ERROR] Failed to load resource: net::ERR_CONNECTION_REFUSED @ http://localhost:5174/trpc/ralph.list:0
[  146153ms] [ERROR] Failed to load resource: net::ERR_CONNECTION_REFUSED @ http://localhost:5174/trpc/ralph.list:0
[  151153ms] [ERROR] Failed to load resource: net::ERR_CONNECTION_REFUSED @ http://localhost:5174/trpc/ralph.list:0
[  156154ms] [ERROR] Failed to load resource: net::ERR_CONNECTION_REFUSED @ http://localhost:5174/trpc/ralph.list:0
[  161153ms] [ERROR] Failed to load resource: net::ERR_CONNECTION_REFUSED @ http://localhost:5174/trpc/ralph.list:0
[  166153ms] [ERROR] Failed to load resource: net::ERR_CONNECTION_REFUSED @ http://localhost:5174/trpc/ralph.list:0
[  171154ms] [ERROR] Failed to load resource: net::ERR_CONNECTION_REFUSED @ http://localhost:5174/trpc/ralph.list:0
[  176155ms] [ERROR] Failed to load resource: net::ERR_CONNECTION_REFUSED @ http://localhost:5174/trpc/ralph.list:0
[  181154ms] [ERROR] Failed to load resource: net::ERR_CONNECTION_REFUSED @ http://localhost:5174/trpc/ralph.list:0
[  186154ms] [ERROR] Failed to load resource: net::ERR_CONNECTION_REFUSED @ http://localhost:5174/trpc/ralph.list:0
[  191153ms] [ERROR] Failed to load resource: net::ERR_CONNECTION_REFUSED @ http://localhost:5174/trpc/ralph.list:0
[  196154ms] [ERROR] Failed to load resource: net::ERR_CONNECTION_REFUSED @ http://localhost:5174/trpc/ralph.list:0
[  201153ms] [ERROR] Failed to load resource: net::ERR_CONNECTION_REFUSED @ http://localhost:5174/trpc/ralph.list:0
[  206153ms] [ERROR] Failed to load resource: net::ERR_CONNECTION_REFUSED @ http://localhost:5174/trpc/ralph.list:0
[  211154ms] [ERROR] Failed to load resource: net::ERR_CONNECTION_REFUSED @ http://localhost:5174/trpc/ralph.list:0
[  216153ms] [ERROR] Failed to load resource: net::ERR_CONNECTION_REFUSED @ http://localhost:5174/trpc/ralph.list:0
[  306766ms] [ERROR] WebSocket connection to 'ws://127.0.0.1:3003/ws?access_token=eyJhbGciOiJFUzI1NiIsImtpZCI6Ijg4YjFhOWEzLTg3OTctNGMzZS1iNTY3LTIyMDA5OWJlMjUxMiIsInR5cCI6IkpXVCJ9.eyJpc3MiOiJodHRwczovL2RuZXVtb2pkZXR4cGJ5ZXV3eXd5LnN1cGFiYXNlLmNvL2F1dGgvdjEiLCJzdWIiOiI0NjhhMzVlYi02ZjJjLTRjZDgtYTY3MS02OWU4YzI0NGMzMGQiLCJhdWQiOiJhdXRoZW50aWNhdGVkIiwiZXhwIjoxNzczMTQxMDQ3LCJpYXQiOjE3NzMxMzc0NDcsImVtYWlsIjoiYWRtaW5AcmFscGgubG9jYWwiLCJwaG9uZSI6IiIsImFwcF9tZXRhZGF0YSI6eyJwcm92aWRlciI6ImVtYWlsIiwicHJvdmlkZXJzIjpbImVtYWlsIl19LCJ1c2VyX21ldGFkYXRhIjp7ImVtYWlsX3ZlcmlmaWVkIjp0cnVlfSwicm9sZSI6ImF1dGhlbnRpY2F0ZWQiLCJhYWwiOiJhYWwxIiwiYW1yIjpbeyJtZXRob2QiOiJwYXNzd29yZCIsInRpbWVzdGFtcCI6MTc3MzEzNzQ0N31dLCJzZXNzaW9uX2lkIjoiYTg5NDg2YmEtNWI3Zi00ZGFiLThkZjAtNDIwYTk3ZjA3OWQ3IiwiaXNfYW5vbnltb3VzIjpmYWxzZX0.IYVZQfPc8Y9FZTleUJzxvswwydQ5EOIG7646cIpMX7uffERygFVdQgXqgJoRTY_Himd84yoJNqxTFdHvG9srkQ' failed:  @ http://localhost:5174/src/hooks/useWebSocket.ts:102
[  306766ms] [ERROR] WebSocket connection to 'ws://localhost:5174/?token=Ecd7KRArdlmo' failed:  @ http://localhost:5174/@vite/client:744
[  310444ms] [ERROR] Failed to load resource: net::ERR_CONNECTION_REFUSED @ http://localhost:5174/trpc/ralph.list:0
[  315443ms] [ERROR] Failed to load resource: net::ERR_CONNECTION_REFUSED @ http://localhost:5174/trpc/ralph.list:0
[  320444ms] [ERROR] Failed to load resource: net::ERR_CONNECTION_REFUSED @ http://localhost:5174/trpc/ralph.list:0
[  325442ms] [ERROR] Failed to load resource: net::ERR_CONNECTION_REFUSED @ http://localhost:5174/trpc/ralph.list:0
[  330444ms] [ERROR] Failed to load resource: net::ERR_CONNECTION_REFUSED @ http://localhost:5174/trpc/ralph.list:0
[  335443ms] [ERROR] Failed to load resource: net::ERR_CONNECTION_REFUSED @ http://localhost:5174/trpc/ralph.list:0
[  704859ms] [ERROR] WebSocket connection to 'ws://localhost:5174/?token=ugA0Zu-WjiaP' failed:  @ http://localhost:5174/@vite/client:744
[  704859ms] [ERROR] WebSocket connection to 'ws://127.0.0.1:3003/ws?access_token=eyJhbGciOiJFUzI1NiIsImtpZCI6Ijg4YjFhOWEzLTg3OTctNGMzZS1iNTY3LTIyMDA5OWJlMjUxMiIsInR5cCI6IkpXVCJ9.eyJpc3MiOiJodHRwczovL2RuZXVtb2pkZXR4cGJ5ZXV3eXd5LnN1cGFiYXNlLmNvL2F1dGgvdjEiLCJzdWIiOiI0NjhhMzVlYi02ZjJjLTRjZDgtYTY3MS02OWU4YzI0NGMzMGQiLCJhdWQiOiJhdXRoZW50aWNhdGVkIiwiZXhwIjoxNzczMTQxMDQ3LCJpYXQiOjE3NzMxMzc0NDcsImVtYWlsIjoiYWRtaW5AcmFscGgubG9jYWwiLCJwaG9uZSI6IiIsImFwcF9tZXRhZGF0YSI6eyJwcm92aWRlciI6ImVtYWlsIiwicHJvdmlkZXJzIjpbImVtYWlsIl19LCJ1c2VyX21ldGFkYXRhIjp7ImVtYWlsX3ZlcmlmaWVkIjp0cnVlfSwicm9sZSI6ImF1dGhlbnRpY2F0ZWQiLCJhYWwiOiJhYWwxIiwiYW1yIjpbeyJtZXRob2QiOiJwYXNzd29yZCIsInRpbWVzdGFtcCI6MTc3MzEzNzQ0N31dLCJzZXNzaW9uX2lkIjoiYTg5NDg2YmEtNWI3Zi00ZGFiLThkZjAtNDIwYTk3ZjA3OWQ3IiwiaXNfYW5vbnltb3VzIjpmYWxzZX0.IYVZQfPc8Y9FZTleUJzxvswwydQ5EOIG7646cIpMX7uffERygFVdQgXqgJoRTY_Himd84yoJNqxTFdHvG9srkQ' failed:  @ http://localhost:5174/src/hooks/useWebSocket.ts:102
[  705877ms] [ERROR] WebSocket connection to 'ws://127.0.0.1:3003/ws?access_token=eyJhbGciOiJFUzI1NiIsImtpZCI6Ijg4YjFhOWEzLTg3OTctNGMzZS1iNTY3LTIyMDA5OWJlMjUxMiIsInR5cCI6IkpXVCJ9.eyJpc3MiOiJodHRwczovL2RuZXVtb2pkZXR4cGJ5ZXV3eXd5LnN1cGFiYXNlLmNvL2F1dGgvdjEiLCJzdWIiOiI0NjhhMzVlYi02ZjJjLTRjZDgtYTY3MS02OWU4YzI0NGMzMGQiLCJhdWQiOiJhdXRoZW50aWNhdGVkIiwiZXhwIjoxNzczMTQxMDQ3LCJpYXQiOjE3NzMxMzc0NDcsImVtYWlsIjoiYWRtaW5AcmFscGgubG9jYWwiLCJwaG9uZSI6IiIsImFwcF9tZXRhZGF0YSI6eyJwcm92aWRlciI6ImVtYWlsIiwicHJvdmlkZXJzIjpbImVtYWlsIl19LCJ1c2VyX21ldGFkYXRhIjp7ImVtYWlsX3ZlcmlmaWVkIjp0cnVlfSwicm9sZSI6ImF1dGhlbnRpY2F0ZWQiLCJhYWwiOiJhYWwxIiwiYW1yIjpbeyJtZXRob2QiOiJwYXNzd29yZCIsInRpbWVzdGFtcCI6MTc3MzEzNzQ0N31dLCJzZXNzaW9uX2lkIjoiYTg5NDg2YmEtNWI3Zi00ZGFiLThkZjAtNDIwYTk3ZjA3OWQ3IiwiaXNfYW5vbnltb3VzIjpmYWxzZX0.IYVZQfPc8Y9FZTleUJzxvswwydQ5EOIG7646cIpMX7uffERygFVdQgXqgJoRTY_Himd84yoJNqxTFdHvG9srkQ' failed: Error in connection establishment: net::ERR_CONNECTION_REFUSED @ http://localhost:5174/src/hooks/useWebSocket.ts:102
[  707881ms] [ERROR] WebSocket connection to 'ws://127.0.0.1:3003/ws?access_token=eyJhbGciOiJFUzI1NiIsImtpZCI6Ijg4YjFhOWEzLTg3OTctNGMzZS1iNTY3LTIyMDA5OWJlMjUxMiIsInR5cCI6IkpXVCJ9.eyJpc3MiOiJodHRwczovL2RuZXVtb2pkZXR4cGJ5ZXV3eXd5LnN1cGFiYXNlLmNvL2F1dGgvdjEiLCJzdWIiOiI0NjhhMzVlYi02ZjJjLTRjZDgtYTY3MS02OWU4YzI0NGMzMGQiLCJhdWQiOiJhdXRoZW50aWNhdGVkIiwiZXhwIjoxNzczMTQxMDQ3LCJpYXQiOjE3NzMxMzc0NDcsImVtYWlsIjoiYWRtaW5AcmFscGgubG9jYWwiLCJwaG9uZSI6IiIsImFwcF9tZXRhZGF0YSI6eyJwcm92aWRlciI6ImVtYWlsIiwicHJvdmlkZXJzIjpbImVtYWlsIl19LCJ1c2VyX21ldGFkYXRhIjp7ImVtYWlsX3ZlcmlmaWVkIjp0cnVlfSwicm9sZSI6ImF1dGhlbnRpY2F0ZWQiLCJhYWwiOiJhYWwxIiwiYW1yIjpbeyJtZXRob2QiOiJwYXNzd29yZCIsInRpbWVzdGFtcCI6MTc3MzEzNzQ0N31dLCJzZXNzaW9uX2lkIjoiYTg5NDg2YmEtNWI3Zi00ZGFiLThkZjAtNDIwYTk3ZjA3OWQ3IiwiaXNfYW5vbnltb3VzIjpmYWxzZX0.IYVZQfPc8Y9FZTleUJzxvswwydQ5EOIG7646cIpMX7uffERygFVdQgXqgJoRTY_Himd84yoJNqxTFdHvG9srkQ' failed: Error in connection establishment: net::ERR_CONNECTION_REFUSED @ http://localhost:5174/src/hooks/useWebSocket.ts:102
[  709591ms] [ERROR] Failed to load resource: net::ERR_CONNECTION_REFUSED @ http://localhost:5174/trpc/ralph.list:0
[  711936ms] [ERROR] WebSocket connection to 'ws://127.0.0.1:3003/ws?access_token=eyJhbGciOiJFUzI1NiIsImtpZCI6Ijg4YjFhOWEzLTg3OTctNGMzZS1iNTY3LTIyMDA5OWJlMjUxMiIsInR5cCI6IkpXVCJ9.eyJpc3MiOiJodHRwczovL2RuZXVtb2pkZXR4cGJ5ZXV3eXd5LnN1cGFiYXNlLmNvL2F1dGgvdjEiLCJzdWIiOiI0NjhhMzVlYi02ZjJjLTRjZDgtYTY3MS02OWU4YzI0NGMzMGQiLCJhdWQiOiJhdXRoZW50aWNhdGVkIiwiZXhwIjoxNzczMTQxMDQ3LCJpYXQiOjE3NzMxMzc0NDcsImVtYWlsIjoiYWRtaW5AcmFscGgubG9jYWwiLCJwaG9uZSI6IiIsImFwcF9tZXRhZGF0YSI6eyJwcm92aWRlciI6ImVtYWlsIiwicHJvdmlkZXJzIjpbImVtYWlsIl19LCJ1c2VyX21ldGFkYXRhIjp7ImVtYWlsX3ZlcmlmaWVkIjp0cnVlfSwicm9sZSI6ImF1dGhlbnRpY2F0ZWQiLCJhYWwiOiJhYWwxIiwiYW1yIjpbeyJtZXRob2QiOiJwYXNzd29yZCIsInRpbWVzdGFtcCI6MTc3MzEzNzQ0N31dLCJzZXNzaW9uX2lkIjoiYTg5NDg2YmEtNWI3Zi00ZGFiLThkZjAtNDIwYTk3ZjA3OWQ3IiwiaXNfYW5vbnltb3VzIjpmYWxzZX0.IYVZQfPc8Y9FZTleUJzxvswwydQ5EOIG7646cIpMX7uffERygFVdQgXqgJoRTY_Himd84yoJNqxTFdHvG9srkQ' failed: Error in connection establishment: net::ERR_CONNECTION_REFUSED @ http://localhost:5174/src/hooks/useWebSocket.ts:102
[  714590ms] [ERROR] Failed to load resource: net::ERR_CONNECTION_REFUSED @ http://localhost:5174/trpc/ralph.list:0
[  719590ms] [ERROR] Failed to load resource: net::ERR_CONNECTION_REFUSED @ http://localhost:5174/trpc/ralph.list:0
[  722355ms] [ERROR] WebSocket connection to 'ws://127.0.0.1:3003/ws?access_token=eyJhbGciOiJFUzI1NiIsImtpZCI6Ijg4YjFhOWEzLTg3OTctNGMzZS1iNTY3LTIyMDA5OWJlMjUxMiIsInR5cCI6IkpXVCJ9.eyJpc3MiOiJodHRwczovL2RuZXVtb2pkZXR4cGJ5ZXV3eXd5LnN1cGFiYXNlLmNvL2F1dGgvdjEiLCJzdWIiOiI0NjhhMzVlYi02ZjJjLTRjZDgtYTY3MS02OWU4YzI0NGMzMGQiLCJhdWQiOiJhdXRoZW50aWNhdGVkIiwiZXhwIjoxNzczMTQxMDQ3LCJpYXQiOjE3NzMxMzc0NDcsImVtYWlsIjoiYWRtaW5AcmFscGgubG9jYWwiLCJwaG9uZSI6IiIsImFwcF9tZXRhZGF0YSI6eyJwcm92aWRlciI6ImVtYWlsIiwicHJvdmlkZXJzIjpbImVtYWlsIl19LCJ1c2VyX21ldGFkYXRhIjp7ImVtYWlsX3ZlcmlmaWVkIjp0cnVlfSwicm9sZSI6ImF1dGhlbnRpY2F0ZWQiLCJhYWwiOiJhYWwxIiwiYW1yIjpbeyJtZXRob2QiOiJwYXNzd29yZCIsInRpbWVzdGFtcCI6MTc3MzEzNzQ0N31dLCJzZXNzaW9uX2lkIjoiYTg5NDg2YmEtNWI3Zi00ZGFiLThkZjAtNDIwYTk3ZjA3OWQ3IiwiaXNfYW5vbnltb3VzIjpmYWxzZX0.IYVZQfPc8Y9FZTleUJzxvswwydQ5EOIG7646cIpMX7uffERygFVdQgXqgJoRTY_Himd84yoJNqxTFdHvG9srkQ' failed: Error in connection establishment: net::ERR_CONNECTION_REFUSED @ http://localhost:5174/src/hooks/useWebSocket.ts:102
[  724590ms] [ERROR] Failed to load resource: net::ERR_CONNECTION_REFUSED @ http://localhost:5174/trpc/ralph.list:0
[  729590ms] [ERROR] Failed to load resource: net::ERR_CONNECTION_REFUSED @ http://localhost:5174/trpc/ralph.list:0
[  734592ms] [ERROR] Failed to load resource: net::ERR_CONNECTION_REFUSED @ http://localhost:5174/trpc/ralph.list:0
[  739592ms] [ERROR] Failed to load resource: net::ERR_CONNECTION_REFUSED @ http://localhost:5174/trpc/ralph.list:0
[  739800ms] [ERROR] WebSocket connection to 'ws://127.0.0.1:3003/ws?access_token=eyJhbGciOiJFUzI1NiIsImtpZCI6Ijg4YjFhOWEzLTg3OTctNGMzZS1iNTY3LTIyMDA5OWJlMjUxMiIsInR5cCI6IkpXVCJ9.eyJpc3MiOiJodHRwczovL2RuZXVtb2pkZXR4cGJ5ZXV3eXd5LnN1cGFiYXNlLmNvL2F1dGgvdjEiLCJzdWIiOiI0NjhhMzVlYi02ZjJjLTRjZDgtYTY3MS02OWU4YzI0NGMzMGQiLCJhdWQiOiJhdXRoZW50aWNhdGVkIiwiZXhwIjoxNzczMTQxMDQ3LCJpYXQiOjE3NzMxMzc0NDcsImVtYWlsIjoiYWRtaW5AcmFscGgubG9jYWwiLCJwaG9uZSI6IiIsImFwcF9tZXRhZGF0YSI6eyJwcm92aWRlciI6ImVtYWlsIiwicHJvdmlkZXJzIjpbImVtYWlsIl19LCJ1c2VyX21ldGFkYXRhIjp7ImVtYWlsX3ZlcmlmaWVkIjp0cnVlfSwicm9sZSI6ImF1dGhlbnRpY2F0ZWQiLCJhYWwiOiJhYWwxIiwiYW1yIjpbeyJtZXRob2QiOiJwYXNzd29yZCIsInRpbWVzdGFtcCI6MTc3MzEzNzQ0N31dLCJzZXNzaW9uX2lkIjoiYTg5NDg2YmEtNWI3Zi00ZGFiLThkZjAtNDIwYTk3ZjA3OWQ3IiwiaXNfYW5vbnltb3VzIjpmYWxzZX0.IYVZQfPc8Y9FZTleUJzxvswwydQ5EOIG7646cIpMX7uffERygFVdQgXqgJoRTY_Himd84yoJNqxTFdHvG9srkQ' failed: Error in connection establishment: net::ERR_CONNECTION_REFUSED @ http://localhost:5174/src/hooks/useWebSocket.ts:102
[  744591ms] [ERROR] Failed to load resource: net::ERR_CONNECTION_REFUSED @ http://localhost:5174/trpc/ralph.list:0
[  749591ms] [ERROR] Failed to load resource: net::ERR_CONNECTION_REFUSED @ http://localhost:5174/trpc/ralph.list:0
[  754590ms] [ERROR] Failed to load resource: net::ERR_CONNECTION_REFUSED @ http://localhost:5174/trpc/ralph.list:0
[  759522ms] [ERROR] WebSocket connection to 'ws://127.0.0.1:3003/ws?access_token=eyJhbGciOiJFUzI1NiIsImtpZCI6Ijg4YjFhOWEzLTg3OTctNGMzZS1iNTY3LTIyMDA5OWJlMjUxMiIsInR5cCI6IkpXVCJ9.eyJpc3MiOiJodHRwczovL2RuZXVtb2pkZXR4cGJ5ZXV3eXd5LnN1cGFiYXNlLmNvL2F1dGgvdjEiLCJzdWIiOiI0NjhhMzVlYi02ZjJjLTRjZDgtYTY3MS02OWU4YzI0NGMzMGQiLCJhdWQiOiJhdXRoZW50aWNhdGVkIiwiZXhwIjoxNzczMTQxMDQ3LCJpYXQiOjE3NzMxMzc0NDcsImVtYWlsIjoiYWRtaW5AcmFscGgubG9jYWwiLCJwaG9uZSI6IiIsImFwcF9tZXRhZGF0YSI6eyJwcm92aWRlciI6ImVtYWlsIiwicHJvdmlkZXJzIjpbImVtYWlsIl19LCJ1c2VyX21ldGFkYXRhIjp7ImVtYWlsX3ZlcmlmaWVkIjp0cnVlfSwicm9sZSI6ImF1dGhlbnRpY2F0ZWQiLCJhYWwiOiJhYWwxIiwiYW1yIjpbeyJtZXRob2QiOiJwYXNzd29yZCIsInRpbWVzdGFtcCI6MTc3MzEzNzQ0N31dLCJzZXNzaW9uX2lkIjoiYTg5NDg2YmEtNWI3Zi00ZGFiLThkZjAtNDIwYTk3ZjA3OWQ3IiwiaXNfYW5vbnltb3VzIjpmYWxzZX0.IYVZQfPc8Y9FZTleUJzxvswwydQ5EOIG7646cIpMX7uffERygFVdQgXqgJoRTY_Himd84yoJNqxTFdHvG9srkQ' failed: Error in connection establishment: net::ERR_CONNECTION_REFUSED @ http://localhost:5174/src/hooks/useWebSocket.ts:102
[  759591ms] [ERROR] Failed to load resource: net::ERR_CONNECTION_REFUSED @ http://localhost:5174/trpc/ralph.list:0
[  764591ms] [ERROR] Failed to load resource: net::ERR_CONNECTION_REFUSED @ http://localhost:5174/trpc/ralph.list:0
[  769593ms] [ERROR] Failed to load resource: net::ERR_CONNECTION_REFUSED @ http://localhost:5174/trpc/ralph.list:0
[  774592ms] [ERROR] Failed to load resource: net::ERR_CONNECTION_REFUSED @ http://localhost:5174/trpc/ralph.list:0
[  778996ms] [ERROR] WebSocket connection to 'ws://127.0.0.1:3003/ws?access_token=eyJhbGciOiJFUzI1NiIsImtpZCI6Ijg4YjFhOWEzLTg3OTctNGMzZS1iNTY3LTIyMDA5OWJlMjUxMiIsInR5cCI6IkpXVCJ9.eyJpc3MiOiJodHRwczovL2RuZXVtb2pkZXR4cGJ5ZXV3eXd5LnN1cGFiYXNlLmNvL2F1dGgvdjEiLCJzdWIiOiI0NjhhMzVlYi02ZjJjLTRjZDgtYTY3MS02OWU4YzI0NGMzMGQiLCJhdWQiOiJhdXRoZW50aWNhdGVkIiwiZXhwIjoxNzczMTQxMDQ3LCJpYXQiOjE3NzMxMzc0NDcsImVtYWlsIjoiYWRtaW5AcmFscGgubG9jYWwiLCJwaG9uZSI6IiIsImFwcF9tZXRhZGF0YSI6eyJwcm92aWRlciI6ImVtYWlsIiwicHJvdmlkZXJzIjpbImVtYWlsIl19LCJ1c2VyX21ldGFkYXRhIjp7ImVtYWlsX3ZlcmlmaWVkIjp0cnVlfSwicm9sZSI6ImF1dGhlbnRpY2F0ZWQiLCJhYWwiOiJhYWwxIiwiYW1yIjpbeyJtZXRob2QiOiJwYXNzd29yZCIsInRpbWVzdGFtcCI6MTc3MzEzNzQ0N31dLCJzZXNzaW9uX2lkIjoiYTg5NDg2YmEtNWI3Zi00ZGFiLThkZjAtNDIwYTk3ZjA3OWQ3IiwiaXNfYW5vbnltb3VzIjpmYWxzZX0.IYVZQfPc8Y9FZTleUJzxvswwydQ5EOIG7646cIpMX7uffERygFVdQgXqgJoRTY_Himd84yoJNqxTFdHvG9srkQ' failed: Error in connection establishment: net::ERR_CONNECTION_REFUSED @ http://localhost:5174/src/hooks/useWebSocket.ts:102
[  779591ms] [ERROR] Failed to load resource: net::ERR_CONNECTION_REFUSED @ http://localhost:5174/trpc/ralph.list:0
[  784590ms] [ERROR] Failed to load resource: net::ERR_CONNECTION_REFUSED @ http://localhost:5174/trpc/ralph.list:0
[  789591ms] [ERROR] Failed to load resource: net::ERR_CONNECTION_REFUSED @ http://localhost:5174/trpc/ralph.list:0
[  794592ms] [ERROR] Failed to load resource: net::ERR_CONNECTION_REFUSED @ http://localhost:5174/trpc/ralph.list:0
[  798692ms] [ERROR] WebSocket connection to 'ws://127.0.0.1:3003/ws?access_token=eyJhbGciOiJFUzI1NiIsImtpZCI6Ijg4YjFhOWEzLTg3OTctNGMzZS1iNTY3LTIyMDA5OWJlMjUxMiIsInR5cCI6IkpXVCJ9.eyJpc3MiOiJodHRwczovL2RuZXVtb2pkZXR4cGJ5ZXV3eXd5LnN1cGFiYXNlLmNvL2F1dGgvdjEiLCJzdWIiOiI0NjhhMzVlYi02ZjJjLTRjZDgtYTY3MS02OWU4YzI0NGMzMGQiLCJhdWQiOiJhdXRoZW50aWNhdGVkIiwiZXhwIjoxNzczMTQxMDQ3LCJpYXQiOjE3NzMxMzc0NDcsImVtYWlsIjoiYWRtaW5AcmFscGgubG9jYWwiLCJwaG9uZSI6IiIsImFwcF9tZXRhZGF0YSI6eyJwcm92aWRlciI6ImVtYWlsIiwicHJvdmlkZXJzIjpbImVtYWlsIl19LCJ1c2VyX21ldGFkYXRhIjp7ImVtYWlsX3ZlcmlmaWVkIjp0cnVlfSwicm9sZSI6ImF1dGhlbnRpY2F0ZWQiLCJhYWwiOiJhYWwxIiwiYW1yIjpbeyJtZXRob2QiOiJwYXNzd29yZCIsInRpbWVzdGFtcCI6MTc3MzEzNzQ0N31dLCJzZXNzaW9uX2lkIjoiYTg5NDg2YmEtNWI3Zi00ZGFiLThkZjAtNDIwYTk3ZjA3OWQ3IiwiaXNfYW5vbnltb3VzIjpmYWxzZX0.IYVZQfPc8Y9FZTleUJzxvswwydQ5EOIG7646cIpMX7uffERygFVdQgXqgJoRTY_Himd84yoJNqxTFdHvG9srkQ' failed: Error in connection establishment: net::ERR_CONNECTION_REFUSED @ http://localhost:5174/src/hooks/useWebSocket.ts:102
[  799591ms] [ERROR] Failed to load resource: net::ERR_CONNECTION_REFUSED @ http://localhost:5174/trpc/ralph.list:0
[  804592ms] [ERROR] Failed to load resource: net::ERR_CONNECTION_REFUSED @ http://localhost:5174/trpc/ralph.list:0
[  809596ms] [ERROR] Failed to load resource: net::ERR_CONNECTION_REFUSED @ http://localhost:5174/trpc/ralph.list:0
[  814590ms] [ERROR] Failed to load resource: net::ERR_CONNECTION_REFUSED @ http://localhost:5174/trpc/ralph.list:0
[  818609ms] [ERROR] WebSocket connection to 'ws://127.0.0.1:3003/ws?access_token=eyJhbGciOiJFUzI1NiIsImtpZCI6Ijg4YjFhOWEzLTg3OTctNGMzZS1iNTY3LTIyMDA5OWJlMjUxMiIsInR5cCI6IkpXVCJ9.eyJpc3MiOiJodHRwczovL2RuZXVtb2pkZXR4cGJ5ZXV3eXd5LnN1cGFiYXNlLmNvL2F1dGgvdjEiLCJzdWIiOiI0NjhhMzVlYi02ZjJjLTRjZDgtYTY3MS02OWU4YzI0NGMzMGQiLCJhdWQiOiJhdXRoZW50aWNhdGVkIiwiZXhwIjoxNzczMTQxMDQ3LCJpYXQiOjE3NzMxMzc0NDcsImVtYWlsIjoiYWRtaW5AcmFscGgubG9jYWwiLCJwaG9uZSI6IiIsImFwcF9tZXRhZGF0YSI6eyJwcm92aWRlciI6ImVtYWlsIiwicHJvdmlkZXJzIjpbImVtYWlsIl19LCJ1c2VyX21ldGFkYXRhIjp7ImVtYWlsX3ZlcmlmaWVkIjp0cnVlfSwicm9sZSI6ImF1dGhlbnRpY2F0ZWQiLCJhYWwiOiJhYWwxIiwiYW1yIjpbeyJtZXRob2QiOiJwYXNzd29yZCIsInRpbWVzdGFtcCI6MTc3MzEzNzQ0N31dLCJzZXNzaW9uX2lkIjoiYTg5NDg2YmEtNWI3Zi00ZGFiLThkZjAtNDIwYTk3ZjA3OWQ3IiwiaXNfYW5vbnltb3VzIjpmYWxzZX0.IYVZQfPc8Y9FZTleUJzxvswwydQ5EOIG7646cIpMX7uffERygFVdQgXqgJoRTY_Himd84yoJNqxTFdHvG9srkQ' failed: Error in connection establishment: net::ERR_CONNECTION_REFUSED @ http://localhost:5174/src/hooks/useWebSocket.ts:102
[  819591ms] [ERROR] Failed to load resource: net::ERR_CONNECTION_REFUSED @ http://localhost:5174/trpc/ralph.list:0
[  824591ms] [ERROR] Failed to load resource: net::ERR_CONNECTION_REFUSED @ http://localhost:5174/trpc/ralph.list:0
[  829595ms] [ERROR] Failed to load resource: net::ERR_CONNECTION_REFUSED @ http://localhost:5174/trpc/ralph.list:0
[  834590ms] [ERROR] Failed to load resource: net::ERR_CONNECTION_REFUSED @ http://localhost:5174/trpc/ralph.list:0
[  834668ms] [ERROR] WebSocket connection to 'ws://127.0.0.1:3003/ws?access_token=eyJhbGciOiJFUzI1NiIsImtpZCI6Ijg4YjFhOWEzLTg3OTctNGMzZS1iNTY3LTIyMDA5OWJlMjUxMiIsInR5cCI6IkpXVCJ9.eyJpc3MiOiJodHRwczovL2RuZXVtb2pkZXR4cGJ5ZXV3eXd5LnN1cGFiYXNlLmNvL2F1dGgvdjEiLCJzdWIiOiI0NjhhMzVlYi02ZjJjLTRjZDgtYTY3MS02OWU4YzI0NGMzMGQiLCJhdWQiOiJhdXRoZW50aWNhdGVkIiwiZXhwIjoxNzczMTQxMDQ3LCJpYXQiOjE3NzMxMzc0NDcsImVtYWlsIjoiYWRtaW5AcmFscGgubG9jYWwiLCJwaG9uZSI6IiIsImFwcF9tZXRhZGF0YSI6eyJwcm92aWRlciI6ImVtYWlsIiwicHJvdmlkZXJzIjpbImVtYWlsIl19LCJ1c2VyX21ldGFkYXRhIjp7ImVtYWlsX3ZlcmlmaWVkIjp0cnVlfSwicm9sZSI6ImF1dGhlbnRpY2F0ZWQiLCJhYWwiOiJhYWwxIiwiYW1yIjpbeyJtZXRob2QiOiJwYXNzd29yZCIsInRpbWVzdGFtcCI6MTc3MzEzNzQ0N31dLCJzZXNzaW9uX2lkIjoiYTg5NDg2YmEtNWI3Zi00ZGFiLThkZjAtNDIwYTk3ZjA3OWQ3IiwiaXNfYW5vbnltb3VzIjpmYWxzZX0.IYVZQfPc8Y9FZTleUJzxvswwydQ5EOIG7646cIpMX7uffERygFVdQgXqgJoRTY_Himd84yoJNqxTFdHvG9srkQ' failed: Error in connection establishment: net::ERR_CONNECTION_REFUSED @ http://localhost:5174/src/hooks/useWebSocket.ts:102
[  839592ms] [ERROR] Failed to load resource: net::ERR_CONNECTION_REFUSED @ http://localhost:5174/trpc/ralph.list:0
[  844592ms] [ERROR] Failed to load resource: net::ERR_CONNECTION_REFUSED @ http://localhost:5174/trpc/ralph.list:0
[  849591ms] [ERROR] Failed to load resource: net::ERR_CONNECTION_REFUSED @ http://localhost:5174/trpc/ralph.list:0
[  854446ms] [ERROR] WebSocket connection to 'ws://127.0.0.1:3003/ws?access_token=eyJhbGciOiJFUzI1NiIsImtpZCI6Ijg4YjFhOWEzLTg3OTctNGMzZS1iNTY3LTIyMDA5OWJlMjUxMiIsInR5cCI6IkpXVCJ9.eyJpc3MiOiJodHRwczovL2RuZXVtb2pkZXR4cGJ5ZXV3eXd5LnN1cGFiYXNlLmNvL2F1dGgvdjEiLCJzdWIiOiI0NjhhMzVlYi02ZjJjLTRjZDgtYTY3MS02OWU4YzI0NGMzMGQiLCJhdWQiOiJhdXRoZW50aWNhdGVkIiwiZXhwIjoxNzczMTQxMDQ3LCJpYXQiOjE3NzMxMzc0NDcsImVtYWlsIjoiYWRtaW5AcmFscGgubG9jYWwiLCJwaG9uZSI6IiIsImFwcF9tZXRhZGF0YSI6eyJwcm92aWRlciI6ImVtYWlsIiwicHJvdmlkZXJzIjpbImVtYWlsIl19LCJ1c2VyX21ldGFkYXRhIjp7ImVtYWlsX3ZlcmlmaWVkIjp0cnVlfSwicm9sZSI6ImF1dGhlbnRpY2F0ZWQiLCJhYWwiOiJhYWwxIiwiYW1yIjpbeyJtZXRob2QiOiJwYXNzd29yZCIsInRpbWVzdGFtcCI6MTc3MzEzNzQ0N31dLCJzZXNzaW9uX2lkIjoiYTg5NDg2YmEtNWI3Zi00ZGFiLThkZjAtNDIwYTk3ZjA3OWQ3IiwiaXNfYW5vbnltb3VzIjpmYWxzZX0.IYVZQfPc8Y9FZTleUJzxvswwydQ5EOIG7646cIpMX7uffERygFVdQgXqgJoRTY_Himd84yoJNqxTFdHvG9srkQ' failed: Error in connection establishment: net::ERR_CONNECTION_REFUSED @ http://localhost:5174/src/hooks/useWebSocket.ts:102
[  854591ms] [ERROR] Failed to load resource: net::ERR_CONNECTION_REFUSED @ http://localhost:5174/trpc/ralph.list:0
[  859592ms] [ERROR] Failed to load resource: net::ERR_CONNECTION_REFUSED @ http://localhost:5174/trpc/ralph.list:0
[  864590ms] [ERROR] Failed to load resource: net::ERR_CONNECTION_REFUSED @ http://localhost:5174/trpc/ralph.list:0
[  869592ms] [ERROR] Failed to load resource: net::ERR_CONNECTION_REFUSED @ http://localhost:5174/trpc/ralph.list:0
[  872254ms] [ERROR] WebSocket connection to 'ws://127.0.0.1:3003/ws?access_token=eyJhbGciOiJFUzI1NiIsImtpZCI6Ijg4YjFhOWEzLTg3OTctNGMzZS1iNTY3LTIyMDA5OWJlMjUxMiIsInR5cCI6IkpXVCJ9.eyJpc3MiOiJodHRwczovL2RuZXVtb2pkZXR4cGJ5ZXV3eXd5LnN1cGFiYXNlLmNvL2F1dGgvdjEiLCJzdWIiOiI0NjhhMzVlYi02ZjJjLTRjZDgtYTY3MS02OWU4YzI0NGMzMGQiLCJhdWQiOiJhdXRoZW50aWNhdGVkIiwiZXhwIjoxNzczMTQxMDQ3LCJpYXQiOjE3NzMxMzc0NDcsImVtYWlsIjoiYWRtaW5AcmFscGgubG9jYWwiLCJwaG9uZSI6IiIsImFwcF9tZXRhZGF0YSI6eyJwcm92aWRlciI6ImVtYWlsIiwicHJvdmlkZXJzIjpbImVtYWlsIl19LCJ1c2VyX21ldGFkYXRhIjp7ImVtYWlsX3ZlcmlmaWVkIjp0cnVlfSwicm9sZSI6ImF1dGhlbnRpY2F0ZWQiLCJhYWwiOiJhYWwxIiwiYW1yIjpbeyJtZXRob2QiOiJwYXNzd29yZCIsInRpbWVzdGFtcCI6MTc3MzEzNzQ0N31dLCJzZXNzaW9uX2lkIjoiYTg5NDg2YmEtNWI3Zi00ZGFiLThkZjAtNDIwYTk3ZjA3OWQ3IiwiaXNfYW5vbnltb3VzIjpmYWxzZX0.IYVZQfPc8Y9FZTleUJzxvswwydQ5EOIG7646cIpMX7uffERygFVdQgXqgJoRTY_Himd84yoJNqxTFdHvG9srkQ' failed: Error in connection establishment: net::ERR_CONNECTION_REFUSED @ http://localhost:5174/src/hooks/useWebSocket.ts:102
[  874591ms] [ERROR] Failed to load resource: net::ERR_CONNECTION_REFUSED @ http://localhost:5174/trpc/ralph.list:0
[  879592ms] [ERROR] Failed to load resource: net::ERR_CONNECTION_REFUSED @ http://localhost:5174/trpc/ralph.list:0
[  884592ms] [ERROR] Failed to load resource: net::ERR_CONNECTION_REFUSED @ http://localhost:5174/trpc/ralph.list:0
[  889592ms] [ERROR] Failed to load resource: net::ERR_CONNECTION_REFUSED @ http://localhost:5174/trpc/ralph.list:0
[  891450ms] [ERROR] WebSocket connection to 'ws://127.0.0.1:3003/ws?access_token=eyJhbGciOiJFUzI1NiIsImtpZCI6Ijg4YjFhOWEzLTg3OTctNGMzZS1iNTY3LTIyMDA5OWJlMjUxMiIsInR5cCI6IkpXVCJ9.eyJpc3MiOiJodHRwczovL2RuZXVtb2pkZXR4cGJ5ZXV3eXd5LnN1cGFiYXNlLmNvL2F1dGgvdjEiLCJzdWIiOiI0NjhhMzVlYi02ZjJjLTRjZDgtYTY3MS02OWU4YzI0NGMzMGQiLCJhdWQiOiJhdXRoZW50aWNhdGVkIiwiZXhwIjoxNzczMTQxMDQ3LCJpYXQiOjE3NzMxMzc0NDcsImVtYWlsIjoiYWRtaW5AcmFscGgubG9jYWwiLCJwaG9uZSI6IiIsImFwcF9tZXRhZGF0YSI6eyJwcm92aWRlciI6ImVtYWlsIiwicHJvdmlkZXJzIjpbImVtYWlsIl19LCJ1c2VyX21ldGFkYXRhIjp7ImVtYWlsX3ZlcmlmaWVkIjp0cnVlfSwicm9sZSI6ImF1dGhlbnRpY2F0ZWQiLCJhYWwiOiJhYWwxIiwiYW1yIjpbeyJtZXRob2QiOiJwYXNzd29yZCIsInRpbWVzdGFtcCI6MTc3MzEzNzQ0N31dLCJzZXNzaW9uX2lkIjoiYTg5NDg2YmEtNWI3Zi00ZGFiLThkZjAtNDIwYTk3ZjA3OWQ3IiwiaXNfYW5vbnltb3VzIjpmYWxzZX0.IYVZQfPc8Y9FZTleUJzxvswwydQ5EOIG7646cIpMX7uffERygFVdQgXqgJoRTY_Himd84yoJNqxTFdHvG9srkQ' failed: Error in connection establishment: net::ERR_CONNECTION_REFUSED @ http://localhost:5174/src/hooks/useWebSocket.ts:102
[  894591ms] [ERROR] Failed to load resource: net::ERR_CONNECTION_REFUSED @ http://localhost:5174/trpc/ralph.list:0
[  899592ms] [ERROR] Failed to load resource: net::ERR_CONNECTION_REFUSED @ http://localhost:5174/trpc/ralph.list:0
[  904592ms] [ERROR] Failed to load resource: net::ERR_CONNECTION_REFUSED @ http://localhost:5174/trpc/ralph.list:0
[  909592ms] [ERROR] Failed to load resource: net::ERR_CONNECTION_REFUSED @ http://localhost:5174/trpc/ralph.list:0
[  910271ms] [ERROR] WebSocket connection to 'ws://127.0.0.1:3003/ws?access_token=eyJhbGciOiJFUzI1NiIsImtpZCI6Ijg4YjFhOWEzLTg3OTctNGMzZS1iNTY3LTIyMDA5OWJlMjUxMiIsInR5cCI6IkpXVCJ9.eyJpc3MiOiJodHRwczovL2RuZXVtb2pkZXR4cGJ5ZXV3eXd5LnN1cGFiYXNlLmNvL2F1dGgvdjEiLCJzdWIiOiI0NjhhMzVlYi02ZjJjLTRjZDgtYTY3MS02OWU4YzI0NGMzMGQiLCJhdWQiOiJhdXRoZW50aWNhdGVkIiwiZXhwIjoxNzczMTQxMDQ3LCJpYXQiOjE3NzMxMzc0NDcsImVtYWlsIjoiYWRtaW5AcmFscGgubG9jYWwiLCJwaG9uZSI6IiIsImFwcF9tZXRhZGF0YSI6eyJwcm92aWRlciI6ImVtYWlsIiwicHJvdmlkZXJzIjpbImVtYWlsIl19LCJ1c2VyX21ldGFkYXRhIjp7ImVtYWlsX3ZlcmlmaWVkIjp0cnVlfSwicm9sZSI6ImF1dGhlbnRpY2F0ZWQiLCJhYWwiOiJhYWwxIiwiYW1yIjpbeyJtZXRob2QiOiJwYXNzd29yZCIsInRpbWVzdGFtcCI6MTc3MzEzNzQ0N31dLCJzZXNzaW9uX2lkIjoiYTg5NDg2YmEtNWI3Zi00ZGFiLThkZjAtNDIwYTk3ZjA3OWQ3IiwiaXNfYW5vbnltb3VzIjpmYWxzZX0.IYVZQfPc8Y9FZTleUJzxvswwydQ5EOIG7646cIpMX7uffERygFVdQgXqgJoRTY_Himd84yoJNqxTFdHvG9srkQ' failed: Error in connection establishment: net::ERR_CONNECTION_REFUSED @ http://localhost:5174/src/hooks/useWebSocket.ts:102
[  914592ms] [ERROR] Failed to load resource: net::ERR_CONNECTION_REFUSED @ http://localhost:5174/trpc/ralph.list:0
[  919593ms] [ERROR] Failed to load resource: net::ERR_CONNECTION_REFUSED @ http://localhost:5174/trpc/ralph.list:0
[  924592ms] [ERROR] Failed to load resource: net::ERR_CONNECTION_REFUSED @ http://localhost:5174/trpc/ralph.list:0
[  928828ms] [ERROR] WebSocket connection to 'ws://127.0.0.1:3003/ws?access_token=eyJhbGciOiJFUzI1NiIsImtpZCI6Ijg4YjFhOWEzLTg3OTctNGMzZS1iNTY3LTIyMDA5OWJlMjUxMiIsInR5cCI6IkpXVCJ9.eyJpc3MiOiJodHRwczovL2RuZXVtb2pkZXR4cGJ5ZXV3eXd5LnN1cGFiYXNlLmNvL2F1dGgvdjEiLCJzdWIiOiI0NjhhMzVlYi02ZjJjLTRjZDgtYTY3MS02OWU4YzI0NGMzMGQiLCJhdWQiOiJhdXRoZW50aWNhdGVkIiwiZXhwIjoxNzczMTQxMDQ3LCJpYXQiOjE3NzMxMzc0NDcsImVtYWlsIjoiYWRtaW5AcmFscGgubG9jYWwiLCJwaG9uZSI6IiIsImFwcF9tZXRhZGF0YSI6eyJwcm92aWRlciI6ImVtYWlsIiwicHJvdmlkZXJzIjpbImVtYWlsIl19LCJ1c2VyX21ldGFkYXRhIjp7ImVtYWlsX3ZlcmlmaWVkIjp0cnVlfSwicm9sZSI6ImF1dGhlbnRpY2F0ZWQiLCJhYWwiOiJhYWwxIiwiYW1yIjpbeyJtZXRob2QiOiJwYXNzd29yZCIsInRpbWVzdGFtcCI6MTc3MzEzNzQ0N31dLCJzZXNzaW9uX2lkIjoiYTg5NDg2YmEtNWI3Zi00ZGFiLThkZjAtNDIwYTk3ZjA3OWQ3IiwiaXNfYW5vbnltb3VzIjpmYWxzZX0.IYVZQfPc8Y9FZTleUJzxvswwydQ5EOIG7646cIpMX7uffERygFVdQgXqgJoRTY_Himd84yoJNqxTFdHvG9srkQ' failed: Error in connection establishment: net::ERR_CONNECTION_REFUSED @ http://localhost:5174/src/hooks/useWebSocket.ts:102
[  929591ms] [ERROR] Failed to load resource: net::ERR_CONNECTION_REFUSED @ http://localhost:5174/trpc/ralph.list:0
[  934594ms] [ERROR] Failed to load resource: net::ERR_CONNECTION_REFUSED @ http://localhost:5174/trpc/ralph.list:0
[  939592ms] [ERROR] Failed to load resource: net::ERR_CONNECTION_REFUSED @ http://localhost:5174/trpc/ralph.list:0
[  944592ms] [ERROR] Failed to load resource: net::ERR_CONNECTION_REFUSED @ http://localhost:5174/trpc/ralph.list:0
[  947089ms] [ERROR] WebSocket connection to 'ws://127.0.0.1:3003/ws?access_token=eyJhbGciOiJFUzI1NiIsImtpZCI6Ijg4YjFhOWEzLTg3OTctNGMzZS1iNTY3LTIyMDA5OWJlMjUxMiIsInR5cCI6IkpXVCJ9.eyJpc3MiOiJodHRwczovL2RuZXVtb2pkZXR4cGJ5ZXV3eXd5LnN1cGFiYXNlLmNvL2F1dGgvdjEiLCJzdWIiOiI0NjhhMzVlYi02ZjJjLTRjZDgtYTY3MS02OWU4YzI0NGMzMGQiLCJhdWQiOiJhdXRoZW50aWNhdGVkIiwiZXhwIjoxNzczMTQxMDQ3LCJpYXQiOjE3NzMxMzc0NDcsImVtYWlsIjoiYWRtaW5AcmFscGgubG9jYWwiLCJwaG9uZSI6IiIsImFwcF9tZXRhZGF0YSI6eyJwcm92aWRlciI6ImVtYWlsIiwicHJvdmlkZXJzIjpbImVtYWlsIl19LCJ1c2VyX21ldGFkYXRhIjp7ImVtYWlsX3ZlcmlmaWVkIjp0cnVlfSwicm9sZSI6ImF1dGhlbnRpY2F0ZWQiLCJhYWwiOiJhYWwxIiwiYW1yIjpbeyJtZXRob2QiOiJwYXNzd29yZCIsInRpbWVzdGFtcCI6MTc3MzEzNzQ0N31dLCJzZXNzaW9uX2lkIjoiYTg5NDg2YmEtNWI3Zi00ZGFiLThkZjAtNDIwYTk3ZjA3OWQ3IiwiaXNfYW5vbnltb3VzIjpmYWxzZX0.IYVZQfPc8Y9FZTleUJzxvswwydQ5EOIG7646cIpMX7uffERygFVdQgXqgJoRTY_Himd84yoJNqxTFdHvG9srkQ' failed: Error in connection establishment: net::ERR_CONNECTION_REFUSED @ http://localhost:5174/src/hooks/useWebSocket.ts:102
[ 2223082ms] [ERROR] Failed to load resource: the server responded with a status of 401 (Unauthorized) @ http://localhost:5174/trpc/ralph.list:0
[ 2233579ms] [ERROR] Failed to load resource: the server responded with a status of 401 (Unauthorized) @ http://localhost:5174/trpc/ralph.list:0
[ 2244078ms] [ERROR] Failed to load resource: the server responded with a status of 401 (Unauthorized) @ http://localhost:5174/trpc/ralph.list:0
[ 2254572ms] [ERROR] Failed to load resource: the server responded with a status of 401 (Unauthorized) @ http://localhost:5174/trpc/ralph.list:0
[ 2265085ms] [ERROR] Failed to load resource: the server responded with a status of 401 (Unauthorized) @ http://localhost:5174/trpc/ralph.list:0
[ 2275599ms] [ERROR] Failed to load resource: the server responded with a status of 401 (Unauthorized) @ http://localhost:5174/trpc/ralph.list:0
[ 2286108ms] [ERROR] Failed to load resource: the server responded with a status of 401 (Unauthorized) @ http://localhost:5174/trpc/ralph.list:0
[ 2296604ms] [ERROR] Failed to load resource: the server responded with a status of 401 (Unauthorized) @ http://localhost:5174/trpc/ralph.list:0
[ 2307107ms] [ERROR] Failed to load resource: the server responded with a status of 401 (Unauthorized) @ http://localhost:5174/trpc/ralph.list:0
[ 2317606ms] [ERROR] Failed to load resource: the server responded with a status of 401 (Unauthorized) @ http://localhost:5174/trpc/ralph.list:0
[ 2328104ms] [ERROR] Failed to load resource: the server responded with a status of 401 (Unauthorized) @ http://localhost:5174/trpc/ralph.list:0
[ 2338602ms] [ERROR] Failed to load resource: the server responded with a status of 401 (Unauthorized) @ http://localhost:5174/trpc/ralph.list:0
[ 2349124ms] [ERROR] Failed to load resource: the server responded with a status of 401 (Unauthorized) @ http://localhost:5174/trpc/ralph.list:0
[ 2359625ms] [ERROR] Failed to load resource: the server responded with a status of 401 (Unauthorized) @ http://localhost:5174/trpc/ralph.list:0
[ 2370126ms] [ERROR] Failed to load resource: the server responded with a status of 401 (Unauthorized) @ http://localhost:5174/trpc/ralph.list:0
[ 2380622ms] [ERROR] Failed to load resource: the server responded with a status of 401 (Unauthorized) @ http://localhost:5174/trpc/ralph.list:0
[ 2391121ms] [ERROR] Failed to load resource: the server responded with a status of 401 (Unauthorized) @ http://localhost:5174/trpc/ralph.list:0
[ 2401618ms] [ERROR] Failed to load resource: the server responded with a status of 401 (Unauthorized) @ http://localhost:5174/trpc/ralph.list:0
[ 2412124ms] [ERROR] Failed to load resource: the server responded with a status of 401 (Unauthorized) @ http://localhost:5174/trpc/ralph.list:0
[ 2414125ms] [ERROR] Failed to load resource: the server responded with a status of 401 (Unauthorized) @ http://localhost:5174/trpc/project.list:0
[ 2414128ms] [ERROR] Failed to load resource: the server responded with a status of 401 (Unauthorized) @ http://localhost:5174/trpc/settings.get:0
[ 2414128ms] [ERROR] Failed to load resource: the server responded with a status of 401 (Unauthorized) @ http://localhost:5174/trpc/notification.list?input=%7B%22limit%22%3A50%7D:0
[ 2422628ms] [ERROR] Failed to load resource: the server responded with a status of 401 (Unauthorized) @ http://localhost:5174/trpc/ralph.list:0
[ 2424626ms] [ERROR] Failed to load resource: the server responded with a status of 401 (Unauthorized) @ http://localhost:5174/trpc/project.list:0
[ 2424628ms] [ERROR] Failed to load resource: the server responded with a status of 401 (Unauthorized) @ http://localhost:5174/trpc/settings.get:0
[ 2424634ms] [ERROR] Failed to load resource: the server responded with a status of 401 (Unauthorized) @ http://localhost:5174/trpc/notification.list?input=%7B%22limit%22%3A50%7D:0
[ 2433120ms] [ERROR] Failed to load resource: the server responded with a status of 401 (Unauthorized) @ http://localhost:5174/trpc/ralph.list:0
[ 2435121ms] [ERROR] Failed to load resource: the server responded with a status of 401 (Unauthorized) @ http://localhost:5174/trpc/settings.get:0
[ 2443617ms] [ERROR] Failed to load resource: the server responded with a status of 401 (Unauthorized) @ http://localhost:5174/trpc/ralph.list:0
[ 2445620ms] [ERROR] Failed to load resource: the server responded with a status of 401 (Unauthorized) @ http://localhost:5174/trpc/settings.get:0
[ 2454117ms] [ERROR] Failed to load resource: the server responded with a status of 401 (Unauthorized) @ http://localhost:5174/trpc/ralph.list:0
[ 2464627ms] [ERROR] Failed to load resource: the server responded with a status of 401 (Unauthorized) @ http://localhost:5174/trpc/ralph.list:0
[ 2482622ms] [ERROR] Failed to load resource: the server responded with a status of 401 (Unauthorized) @ http://localhost:5174/trpc/project.list:0
[ 2482623ms] [ERROR] Failed to load resource: the server responded with a status of 401 (Unauthorized) @ http://localhost:5174/trpc/settings.get:0
[ 2482626ms] [ERROR] Failed to load resource: the server responded with a status of 401 (Unauthorized) @ http://localhost:5174/trpc/notification.list?input=%7B%22limit%22%3A50%7D:0
[ 2493123ms] [ERROR] Failed to load resource: the server responded with a status of 401 (Unauthorized) @ http://localhost:5174/trpc/notification.list?input=%7B%22limit%22%3A50%7D:0
[ 2493123ms] [ERROR] Failed to load resource: the server responded with a status of 401 (Unauthorized) @ http://localhost:5174/trpc/settings.get:0
[ 2493124ms] [ERROR] Failed to load resource: the server responded with a status of 401 (Unauthorized) @ http://localhost:5174/trpc/project.list:0
[ 2497582ms] [ERROR] Failed to load resource: net::ERR_EMPTY_RESPONSE @ http://localhost:5174/trpc/settings.get:0
[ 2497582ms] [ERROR] Failed to load resource: net::ERR_CONNECTION_REFUSED @ http://localhost:5174/trpc/settings.get:0
[ 2509623ms] [ERROR] Failed to load resource: the server responded with a status of 401 (Unauthorized) @ http://localhost:5174/trpc/project.list:0
[ 2509628ms] [ERROR] Failed to load resource: the server responded with a status of 401 (Unauthorized) @ http://localhost:5174/trpc/settings.get:0
[ 2509628ms] [ERROR] Failed to load resource: the server responded with a status of 401 (Unauthorized) @ http://localhost:5174/trpc/notification.list?input=%7B%22limit%22%3A50%7D:0
[ 2520128ms] [ERROR] Failed to load resource: the server responded with a status of 401 (Unauthorized) @ http://localhost:5174/trpc/notification.list?input=%7B%22limit%22%3A50%7D:0
[ 2520129ms] [ERROR] Failed to load resource: the server responded with a status of 401 (Unauthorized) @ http://localhost:5174/trpc/settings.get:0
[ 2520129ms] [ERROR] Failed to load resource: the server responded with a status of 401 (Unauthorized) @ http://localhost:5174/trpc/project.list:0
[ 2530621ms] [ERROR] Failed to load resource: the server responded with a status of 401 (Unauthorized) @ http://localhost:5174/trpc/settings.get:0
[ 2541115ms] [ERROR] Failed to load resource: the server responded with a status of 401 (Unauthorized) @ http://localhost:5174/trpc/settings.get:0
[ 2662648ms] [ERROR] Failed to load resource: the server responded with a status of 401 (Unauthorized) @ http://localhost:5174/trpc/project.list:0
[ 2662655ms] [ERROR] Failed to load resource: the server responded with a status of 401 (Unauthorized) @ http://localhost:5174/trpc/settings.get:0
[ 2662656ms] [ERROR] Failed to load resource: the server responded with a status of 401 (Unauthorized) @ http://localhost:5174/trpc/notification.list?input=%7B%22limit%22%3A50%7D:0
[ 2673144ms] [ERROR] Failed to load resource: the server responded with a status of 401 (Unauthorized) @ http://localhost:5174/trpc/notification.list?input=%7B%22limit%22%3A50%7D:0
[ 2673145ms] [ERROR] Failed to load resource: the server responded with a status of 401 (Unauthorized) @ http://localhost:5174/trpc/settings.get:0
[ 2673146ms] [ERROR] Failed to load resource: the server responded with a status of 401 (Unauthorized) @ http://localhost:5174/trpc/project.list:0
[ 2674974ms] [ERROR] Failed to load resource: net::ERR_EMPTY_RESPONSE @ http://localhost:5174/trpc/settings.get:0
[ 2674974ms] [ERROR] Failed to load resource: net::ERR_CONNECTION_REFUSED @ http://localhost:5174/trpc/settings.get:0
[ 2687639ms] [ERROR] Failed to load resource: the server responded with a status of 401 (Unauthorized) @ http://localhost:5174/trpc/project.list:0
[ 2687642ms] [ERROR] Failed to load resource: the server responded with a status of 401 (Unauthorized) @ http://localhost:5174/trpc/settings.get:0
[ 2687642ms] [ERROR] Failed to load resource: the server responded with a status of 401 (Unauthorized) @ http://localhost:5174/trpc/notification.list?input=%7B%22limit%22%3A50%7D:0
[ 2698141ms] [ERROR] Failed to load resource: the server responded with a status of 401 (Unauthorized) @ http://localhost:5174/trpc/settings.get:0
[ 2698142ms] [ERROR] Failed to load resource: the server responded with a status of 401 (Unauthorized) @ http://localhost:5174/trpc/project.list:0
[ 2698142ms] [ERROR] Failed to load resource: the server responded with a status of 401 (Unauthorized) @ http://localhost:5174/trpc/notification.list?input=%7B%22limit%22%3A50%7D:0
[ 2708639ms] [ERROR] Failed to load resource: the server responded with a status of 401 (Unauthorized) @ http://localhost:5174/trpc/settings.get:0
[ 2719134ms] [ERROR] Failed to load resource: the server responded with a status of 401 (Unauthorized) @ http://localhost:5174/trpc/settings.get:0
[ 3496720ms] [ERROR] Failed to load resource: the server responded with a status of 401 (Unauthorized) @ http://localhost:5174/trpc/project.list:0
[ 3496727ms] [ERROR] Failed to load resource: the server responded with a status of 401 (Unauthorized) @ http://localhost:5174/trpc/settings.get:0
[ 3496727ms] [ERROR] Failed to load resource: the server responded with a status of 401 (Unauthorized) @ http://localhost:5174/trpc/notification.list?input=%7B%22limit%22%3A50%7D:0
[ 3507217ms] [ERROR] Failed to load resource: the server responded with a status of 401 (Unauthorized) @ http://localhost:5174/trpc/notification.list?input=%7B%22limit%22%3A50%7D:0
[ 3507219ms] [ERROR] Failed to load resource: the server responded with a status of 401 (Unauthorized) @ http://localhost:5174/trpc/settings.get:0
[ 3507220ms] [ERROR] Failed to load resource: the server responded with a status of 401 (Unauthorized) @ http://localhost:5174/trpc/project.list:0
[ 3517718ms] [ERROR] Failed to load resource: the server responded with a status of 401 (Unauthorized) @ http://localhost:5174/trpc/settings.get:0
[ 3528217ms] [ERROR] Failed to load resource: the server responded with a status of 401 (Unauthorized) @ http://localhost:5174/trpc/settings.get:0
[ 4178722ms] [ERROR] Failed to load resource: the server responded with a status of 401 (Unauthorized) @ http://localhost:5174/trpc/notification.list?input=%7B%22limit%22%3A50%7D:0
[ 4178722ms] [ERROR] Failed to load resource: the server responded with a status of 401 (Unauthorized) @ http://localhost:5174/trpc/settings.get:0
[ 4178723ms] [ERROR] Failed to load resource: the server responded with a status of 401 (Unauthorized) @ http://localhost:5174/trpc/project.list:0
[ 4189231ms] [ERROR] Failed to load resource: the server responded with a status of 401 (Unauthorized) @ http://localhost:5174/trpc/notification.list?input=%7B%22limit%22%3A50%7D:0
[ 4189232ms] [ERROR] Failed to load resource: the server responded with a status of 401 (Unauthorized) @ http://localhost:5174/trpc/project.list:0
[ 4189234ms] [ERROR] Failed to load resource: the server responded with a status of 401 (Unauthorized) @ http://localhost:5174/trpc/settings.get:0
[ 4199735ms] [ERROR] Failed to load resource: the server responded with a status of 401 (Unauthorized) @ http://localhost:5174/trpc/settings.get:0
[ 4210233ms] [ERROR] Failed to load resource: the server responded with a status of 401 (Unauthorized) @ http://localhost:5174/trpc/settings.get:0
[ 4237346ms] [ERROR] Failed to load resource: the server responded with a status of 401 (Unauthorized) @ http://localhost:5174/trpc/notification.list?input=%7B%22limit%22%3A50%7D:0
[ 4237352ms] [ERROR] Failed to load resource: the server responded with a status of 401 (Unauthorized) @ http://localhost:5174/trpc/settings.get:0
[ 4237352ms] [ERROR] Failed to load resource: the server responded with a status of 401 (Unauthorized) @ http://localhost:5174/trpc/project.list:0
[ 4255349ms] [ERROR] Failed to load resource: the server responded with a status of 401 (Unauthorized) @ http://localhost:5174/trpc/notification.list?input=%7B%22limit%22%3A50%7D:0
[ 4255350ms] [ERROR] Failed to load resource: the server responded with a status of 401 (Unauthorized) @ http://localhost:5174/trpc/settings.get:0
[ 4255350ms] [ERROR] Failed to load resource: the server responded with a status of 401 (Unauthorized) @ http://localhost:5174/trpc/project.list:0
[ 4265849ms] [ERROR] Failed to load resource: the server responded with a status of 401 (Unauthorized) @ http://localhost:5174/trpc/project.list:0
[ 4265856ms] [ERROR] Failed to load resource: the server responded with a status of 401 (Unauthorized) @ http://localhost:5174/trpc/settings.get:0
[ 4265856ms] [ERROR] Failed to load resource: the server responded with a status of 401 (Unauthorized) @ http://localhost:5174/trpc/notification.list?input=%7B%22limit%22%3A50%7D:0
[ 4276354ms] [ERROR] Failed to load resource: the server responded with a status of 401 (Unauthorized) @ http://localhost:5174/trpc/settings.get:0
[ 4286847ms] [ERROR] Failed to load resource: the server responded with a status of 401 (Unauthorized) @ http://localhost:5174/trpc/settings.get:0
[ 4912533ms] [ERROR] Failed to load resource: the server responded with a status of 401 (Unauthorized) @ http://localhost:5174/trpc/project.list:0
[ 4912537ms] [ERROR] Failed to load resource: the server responded with a status of 401 (Unauthorized) @ http://localhost:5174/trpc/settings.get:0
[ 4912537ms] [ERROR] Failed to load resource: the server responded with a status of 401 (Unauthorized) @ http://localhost:5174/trpc/notification.list?input=%7B%22limit%22%3A50%7D:0
[ 4923035ms] [ERROR] Failed to load resource: the server responded with a status of 401 (Unauthorized) @ http://localhost:5174/trpc/notification.list?input=%7B%22limit%22%3A50%7D:0
[ 4923037ms] [ERROR] Failed to load resource: the server responded with a status of 401 (Unauthorized) @ http://localhost:5174/trpc/settings.get:0
[ 4923038ms] [ERROR] Failed to load resource: the server responded with a status of 401 (Unauthorized) @ http://localhost:5174/trpc/project.list:0
[ 4933529ms] [ERROR] Failed to load resource: the server responded with a status of 401 (Unauthorized) @ http://localhost:5174/trpc/settings.get:0
[ 4944024ms] [ERROR] Failed to load resource: the server responded with a status of 401 (Unauthorized) @ http://localhost:5174/trpc/settings.get:0
